<?xml version="1.0" encoding="UTF-8"?>
<testng-results skipped="0" failed="0" ignored="0" total="1" passed="1">
  <reporter-output>
  </reporter-output>
  <suite name="Default suite" duration-ms="15942" started-at="2020-09-10T15:36:35 EDT" finished-at="2020-09-10T15:36:51 EDT">
    <groups>
    </groups>
    <test name="Default test" duration-ms="15942" started-at="2020-09-10T15:36:35 EDT" finished-at="2020-09-10T15:36:51 EDT">
      <class name="zTry.Sept8screenshot">
        <test-method status="PASS" signature="tryScreenShot()[pri:0, instance:zTry.Sept8screenshot@9660f4e]" name="tryScreenShot" duration-ms="15920" started-at="2020-09-10T15:36:35 EDT" finished-at="2020-09-10T15:36:51 EDT">
          <reporter-output>
          </reporter-output>
        </test-method> <!-- tryScreenShot -->
      </class> <!-- zTry.Sept8screenshot -->
    </test> <!-- Default test -->
  </suite> <!-- Default suite -->
</testng-results>
