<?xml version="1.0" encoding="UTF-8"?>
<testng-results skipped="0" failed="0" ignored="0" total="1" passed="1">
  <reporter-output>
  </reporter-output>
  <suite name="Default suite" duration-ms="10500" started-at="2020-09-10T15:04:30 EDT" finished-at="2020-09-10T15:04:40 EDT">
    <groups>
    </groups>
    <test name="Default test" duration-ms="10500" started-at="2020-09-10T15:04:30 EDT" finished-at="2020-09-10T15:04:40 EDT">
      <class name="zTry.Sept9ElementUtil">
        <test-method status="PASS" signature="tryUtil()[pri:0, instance:zTry.Sept9ElementUtil@72b6cbcc]" name="tryUtil" duration-ms="10476" started-at="2020-09-10T15:04:30 EDT" finished-at="2020-09-10T15:04:40 EDT">
          <reporter-output>
          </reporter-output>
        </test-method> <!-- tryUtil -->
      </class> <!-- zTry.Sept9ElementUtil -->
    </test> <!-- Default test -->
  </suite> <!-- Default suite -->
</testng-results>
